<?xml version="1.0" encoding="UTF-8"?>
<!-- Generated by org.testng.reporters.JUnitReportReporter -->
<testsuite skipped="0" hostname="nkp-PC" name="com.qa.tests.GetAPITest" tests="2" failures="0" timestamp="15 Feb 2018 20:19:33 GMT" time="689.799" errors="0">
  <testcase name="getAPITestWithoutHeaders" time="688.705" classname="com.qa.tests.GetAPITest"/>
  <testcase name="getAPITestWithHeaders" time="1.094" classname="com.qa.tests.GetAPITest"/>
</testsuite> <!-- com.qa.tests.GetAPITest -->
