<?xml version="1.0" encoding="UTF-8"?>
<!-- Generated by org.testng.reporters.JUnitReportReporter -->
<testsuite skipped="0" hostname="nkp-PC" name="com.qa.tests.PostAPITest" tests="1" failures="0" timestamp="16 Feb 2018 20:16:11 GMT" time="311.455" errors="0">
  <testcase name="postAPITest" time="311.455" classname="com.qa.tests.PostAPITest"/>
</testsuite> <!-- com.qa.tests.PostAPITest -->
